This file contains any messages produced by compilers while
running configure, to aid debugging if configure makes a mistake.

It was created by configure, which was
generated by GNU Autoconf 2.69.  Invocation command line was

  $ ./configure 

## --------- ##
## Platform. ##
## --------- ##

hostname = Mateuss-MBP.home
uname -m = x86_64
uname -r = 18.0.0
uname -s = Darwin
uname -v = Darwin Kernel Version 18.0.0: Sun Aug  5 20:59:30 PDT 2018; root:xnu-4903.200.354~13/RELEASE_X86_64

/usr/bin/uname -p = i386
/bin/uname -X     = unknown

/bin/arch              = unknown
/usr/bin/arch -k       = unknown
/usr/convex/getsysinfo = unknown
/usr/bin/hostinfo      = Mach kernel version:
	 Darwin Kernel Version 18.0.0: Sun Aug  5 20:59:30 PDT 2018; root:xnu-4903.200.354~13/RELEASE_X86_64
Kernel configured for up to 8 processors.
4 processors are physically available.
8 processors are logically available.
Processor type: x86_64h (Intel x86-64h Haswell)
Processors active: 0 1 2 3 4 5 6 7
Primary memory available: 16.00 gigabytes
Default processor set: 382 tasks, 1285 threads, 8 processors
Load average: 1.05, Mach factor: 6.94
/bin/machine           = unknown
/usr/bin/oslevel       = unknown
/bin/universe          = unknown

PATH: /Users/mateusnbm/.fastlane/bin
PATH: /Library/Frameworks/Python.framework/Versions/3.6/bin
PATH: /usr/local/bin
PATH: /usr/bin
PATH: /bin
PATH: /usr/sbin
PATH: /sbin
PATH: /usr/local/go/bin
PATH: /opt/X11/bin


## ----------- ##
## Core tests. ##
## ----------- ##

configure:2340: checking for a BSD-compatible install
configure:2408: result: /usr/bin/install -c
configure:2419: checking whether build environment is sane
configure:2456: result: yes
configure:2468: checking whether make sets $(MAKE)
configure:2490: result: yes
configure:2520: checking for working aclocal
configure:2531: result: missing
configure:2535: checking for working autoconf
configure:2546: result: missing
configure:2550: checking for working automake
configure:2561: result: missing
configure:2565: checking for working autoheader
configure:2576: result: missing
configure:2580: checking for working makeinfo
configure:2587: result: found
configure:2601: checking build system type
configure:2615: result: x86_64-apple-darwin18.0.0
configure:2635: checking host system type
configure:2648: result: x86_64-apple-darwin18.0.0
configure:2683: checking for wininet-config
configure:2711: result: no
configure:2720: You don't appear to have Wininet installed (no working wininet-config in your command search path), so we will not build the Wininet client XML transport
configure:2730: checking whether to build Wininet client XML transport module
configure:2732: result: no
configure:2748: checking for curl-config
configure:2764: found /usr/bin/curl-config
configure:2776: result: yes
configure:2795: checking whether to build Curl client XML transport module
configure:2797: result: yes
configure:2813: checking for libwww-config
configure:2841: result: no
configure:2850: You don't appear to have Libwww installed (no working libwww-config in your command search path), so we will not build the Libwww client XML transport
configure:2860: checking whether to build Libwww client XML transport module
configure:2862: result: no
configure:2920: checking for gcc
configure:2936: found /usr/bin/gcc
configure:2947: result: gcc
configure:3176: checking for C compiler version
configure:3185: gcc --version >&5
Apple LLVM version 9.1.0 (clang-902.0.39.2)
Target: x86_64-apple-darwin18.0.0
Thread model: posix
InstalledDir: /Applications/Xcode.app/Contents/Developer/Toolchains/XcodeDefault.xctoolchain/usr/bin
Configured with: --prefix=/Applications/Xcode.app/Contents/Developer/usr --with-gxx-include-dir=/Applications/Xcode.app/Contents/Developer/Platforms/MacOSX.platform/Developer/SDKs/MacOSX10.13.sdk/usr/include/c++/4.2.1
configure:3196: $? = 0
configure:3185: gcc -v >&5
Configured with: --prefix=/Applications/Xcode.app/Contents/Developer/usr --with-gxx-include-dir=/Applications/Xcode.app/Contents/Developer/Platforms/MacOSX.platform/Developer/SDKs/MacOSX10.13.sdk/usr/include/c++/4.2.1
Apple LLVM version 9.1.0 (clang-902.0.39.2)
Target: x86_64-apple-darwin18.0.0
Thread model: posix
InstalledDir: /Applications/Xcode.app/Contents/Developer/Toolchains/XcodeDefault.xctoolchain/usr/bin
configure:3196: $? = 0
configure:3185: gcc -V >&5
clang: error: argument to '-V' is missing (expected 1 value)
clang: error: no input files
configure:3196: $? = 1
configure:3185: gcc -qversion >&5
clang: error: unknown argument: '-qversion'
clang: error: no input files
configure:3196: $? = 1
configure:3216: checking whether the C compiler works
configure:3238: gcc    conftest.c  >&5
configure:3242: $? = 0
configure:3290: result: yes
configure:3293: checking for C compiler default output file name
configure:3295: result: a.out
configure:3301: checking for suffix of executables
configure:3308: gcc -o conftest    conftest.c  >&5
configure:3312: $? = 0
configure:3334: result: 
configure:3356: checking whether we are cross compiling
configure:3364: gcc -o conftest    conftest.c  >&5
configure:3368: $? = 0
configure:3375: ./conftest
configure:3379: $? = 0
configure:3394: result: no
configure:3399: checking for suffix of object files
configure:3421: gcc -c   conftest.c >&5
configure:3425: $? = 0
configure:3446: result: o
configure:3450: checking whether we are using the GNU C compiler
configure:3469: gcc -c   conftest.c >&5
configure:3469: $? = 0
configure:3478: result: yes
configure:3487: checking whether gcc accepts -g
configure:3507: gcc -c -g  conftest.c >&5
configure:3507: $? = 0
configure:3548: result: yes
configure:3565: checking for gcc option to accept ISO C89
configure:3628: gcc  -c -g -O2  conftest.c >&5
configure:3628: $? = 0
configure:3641: result: none needed
configure:3662: checking for main in -lncurses
configure:3681: gcc -o conftest -g -O2   conftest.c -lncurses   >&5
configure:3681: $? = 0
configure:3690: result: yes
configure:3698: checking for main in -lreadline
configure:3717: gcc -o conftest -g -O2   conftest.c -lreadline   >&5
configure:3717: $? = 0
configure:3726: result: yes
configure:3735: checking whether to build tools
configure:3749: result: yes
configure:3754: checking whether to build the xmlrpc_pstream tool
configure:3756: result: yes
configure:3788: checking whether to build Abyss server module
configure:3797: result: yes
configure:3821: checking whether to build CGI server module
configure:3830: result: yes
configure:3835: checking whether to build C++ wrappers and tools
configure:3844: result: yes
configure:3925: checking for gcc
configure:3952: result: gcc
configure:4181: checking for C compiler version
configure:4190: gcc --version >&5
Apple LLVM version 9.1.0 (clang-902.0.39.2)
Target: x86_64-apple-darwin18.0.0
Thread model: posix
InstalledDir: /Applications/Xcode.app/Contents/Developer/Toolchains/XcodeDefault.xctoolchain/usr/bin
Configured with: --prefix=/Applications/Xcode.app/Contents/Developer/usr --with-gxx-include-dir=/Applications/Xcode.app/Contents/Developer/Platforms/MacOSX.platform/Developer/SDKs/MacOSX10.13.sdk/usr/include/c++/4.2.1
configure:4201: $? = 0
configure:4190: gcc -v >&5
Configured with: --prefix=/Applications/Xcode.app/Contents/Developer/usr --with-gxx-include-dir=/Applications/Xcode.app/Contents/Developer/Platforms/MacOSX.platform/Developer/SDKs/MacOSX10.13.sdk/usr/include/c++/4.2.1
Apple LLVM version 9.1.0 (clang-902.0.39.2)
Target: x86_64-apple-darwin18.0.0
Thread model: posix
InstalledDir: /Applications/Xcode.app/Contents/Developer/Toolchains/XcodeDefault.xctoolchain/usr/bin
configure:4201: $? = 0
configure:4190: gcc -V >&5
clang: error: argument to '-V' is missing (expected 1 value)
clang: error: no input files
configure:4201: $? = 1
configure:4190: gcc -qversion >&5
clang: error: unknown argument: '-qversion'
clang: error: no input files
configure:4201: $? = 1
configure:4205: checking whether we are using the GNU C compiler
configure:4233: result: yes
configure:4242: checking whether gcc accepts -g
configure:4303: result: yes
configure:4320: checking for gcc option to accept ISO C89
configure:4396: result: none needed
configure:4475: checking for g++
configure:4491: found /usr/bin/g++
configure:4502: result: g++
configure:4529: checking for C++ compiler version
configure:4538: g++ --version >&5
Apple LLVM version 9.1.0 (clang-902.0.39.2)
Target: x86_64-apple-darwin18.0.0
Thread model: posix
InstalledDir: /Applications/Xcode.app/Contents/Developer/Toolchains/XcodeDefault.xctoolchain/usr/bin
Configured with: --prefix=/Applications/Xcode.app/Contents/Developer/usr --with-gxx-include-dir=/Applications/Xcode.app/Contents/Developer/Platforms/MacOSX.platform/Developer/SDKs/MacOSX10.13.sdk/usr/include/c++/4.2.1
configure:4549: $? = 0
configure:4538: g++ -v >&5
Configured with: --prefix=/Applications/Xcode.app/Contents/Developer/usr --with-gxx-include-dir=/Applications/Xcode.app/Contents/Developer/Platforms/MacOSX.platform/Developer/SDKs/MacOSX10.13.sdk/usr/include/c++/4.2.1
Apple LLVM version 9.1.0 (clang-902.0.39.2)
Target: x86_64-apple-darwin18.0.0
Thread model: posix
InstalledDir: /Applications/Xcode.app/Contents/Developer/Toolchains/XcodeDefault.xctoolchain/usr/bin
configure:4549: $? = 0
configure:4538: g++ -V >&5
clang: error: argument to '-V' is missing (expected 1 value)
clang: error: no input files
configure:4549: $? = 1
configure:4538: g++ -qversion >&5
clang: error: unknown argument: '-qversion'
clang: error: no input files
configure:4549: $? = 1
configure:4553: checking whether we are using the GNU C++ compiler
configure:4572: g++ -c   conftest.cpp >&5
configure:4572: $? = 0
configure:4581: result: yes
configure:4590: checking whether g++ accepts -g
configure:4610: g++ -c -g  conftest.cpp >&5
configure:4610: $? = 0
configure:4651: result: yes
configure:4683: checking for socket
configure:4683: gcc -o conftest -g -O2   conftest.c  >&5
configure:4683: $? = 0
configure:4683: result: yes
configure:4758: checking how to run the C preprocessor
configure:4789: gcc -E  conftest.c
configure:4789: $? = 0
configure:4803: gcc -E  conftest.c
conftest.c:11:10: fatal error: 'ac_nonexistent.h' file not found
#include <ac_nonexistent.h>
         ^~~~~~~~~~~~~~~~~~
1 error generated.
configure:4803: $? = 1
configure: failed program was:
| /* confdefs.h */
| #define PACKAGE_NAME ""
| #define PACKAGE_TARNAME ""
| #define PACKAGE_VERSION ""
| #define PACKAGE_STRING ""
| #define PACKAGE_BUGREPORT ""
| #define PACKAGE_URL ""
| #define PACKAGE "xmlrpc-c"
| #define VERSION "x.xx"
| /* end confdefs.h.  */
| #include <ac_nonexistent.h>
configure:4828: result: gcc -E
configure:4848: gcc -E  conftest.c
configure:4848: $? = 0
configure:4862: gcc -E  conftest.c
conftest.c:11:10: fatal error: 'ac_nonexistent.h' file not found
#include <ac_nonexistent.h>
         ^~~~~~~~~~~~~~~~~~
1 error generated.
configure:4862: $? = 1
configure: failed program was:
| /* confdefs.h */
| #define PACKAGE_NAME ""
| #define PACKAGE_TARNAME ""
| #define PACKAGE_VERSION ""
| #define PACKAGE_STRING ""
| #define PACKAGE_BUGREPORT ""
| #define PACKAGE_URL ""
| #define PACKAGE "xmlrpc-c"
| #define VERSION "x.xx"
| /* end confdefs.h.  */
| #include <ac_nonexistent.h>
configure:4891: checking for grep that handles long lines and -e
configure:4949: result: /usr/bin/grep
configure:4954: checking for egrep
configure:5016: result: /usr/bin/grep -E
configure:5021: checking for ANSI C header files
configure:5041: gcc -c -g -O2  conftest.c >&5
configure:5041: $? = 0
configure:5114: gcc -o conftest -g -O2   conftest.c  >&5
configure:5114: $? = 0
configure:5114: ./conftest
configure:5114: $? = 0
configure:5125: result: yes
configure:5140: checking for sys/types.h
configure:5140: gcc -c -g -O2  conftest.c >&5
configure:5140: $? = 0
configure:5140: result: yes
configure:5140: checking for sys/stat.h
configure:5140: gcc -c -g -O2  conftest.c >&5
configure:5140: $? = 0
configure:5140: result: yes
configure:5140: checking for stdlib.h
configure:5140: gcc -c -g -O2  conftest.c >&5
configure:5140: $? = 0
configure:5140: result: yes
configure:5140: checking for string.h
configure:5140: gcc -c -g -O2  conftest.c >&5
configure:5140: $? = 0
configure:5140: result: yes
configure:5140: checking for memory.h
configure:5140: gcc -c -g -O2  conftest.c >&5
configure:5140: $? = 0
configure:5140: result: yes
configure:5140: checking for strings.h
configure:5140: gcc -c -g -O2  conftest.c >&5
configure:5140: $? = 0
configure:5140: result: yes
configure:5140: checking for inttypes.h
configure:5140: gcc -c -g -O2  conftest.c >&5
configure:5140: $? = 0
configure:5140: result: yes
configure:5140: checking for stdint.h
configure:5140: gcc -c -g -O2  conftest.c >&5
configure:5140: $? = 0
configure:5140: result: yes
configure:5140: checking for unistd.h
configure:5140: gcc -c -g -O2  conftest.c >&5
configure:5140: $? = 0
configure:5140: result: yes
configure:5154: checking wchar.h usability
configure:5154: gcc -c -g -O2  conftest.c >&5
configure:5154: $? = 0
configure:5154: result: yes
configure:5154: checking wchar.h presence
configure:5154: gcc -E  conftest.c
configure:5154: $? = 0
configure:5154: result: yes
configure:5154: checking for wchar.h
configure:5154: result: yes
configure:5176: checking sys/filio.h usability
configure:5176: gcc -c -g -O2  conftest.c >&5
configure:5176: $? = 0
configure:5176: result: yes
configure:5176: checking sys/filio.h presence
configure:5176: gcc -E  conftest.c
configure:5176: $? = 0
configure:5176: result: yes
configure:5176: checking for sys/filio.h
configure:5176: result: yes
configure:5197: checking sys/ioctl.h usability
configure:5197: gcc -c -g -O2  conftest.c >&5
configure:5197: $? = 0
configure:5197: result: yes
configure:5197: checking sys/ioctl.h presence
configure:5197: gcc -E  conftest.c
configure:5197: $? = 0
configure:5197: result: yes
configure:5197: checking for sys/ioctl.h
configure:5197: result: yes
configure:5216: checking sys/select.h usability
configure:5216: gcc -c -g -O2  conftest.c >&5
configure:5216: $? = 0
configure:5216: result: yes
configure:5216: checking sys/select.h presence
configure:5216: gcc -E  conftest.c
configure:5216: $? = 0
configure:5216: result: yes
configure:5216: checking for sys/select.h
configure:5216: result: yes
configure:5236: checking stdarg.h usability
configure:5236: gcc -c -g -O2  conftest.c >&5
configure:5236: $? = 0
configure:5236: result: yes
configure:5236: checking stdarg.h presence
configure:5236: gcc -E  conftest.c
configure:5236: $? = 0
configure:5236: result: yes
configure:5236: checking for stdarg.h
configure:5236: result: yes
configure:5253: checking for size_t
configure:5253: gcc -c -g -O2  conftest.c >&5
configure:5253: $? = 0
configure:5253: gcc -c -g -O2  conftest.c >&5
conftest.c:62:21: error: expected expression
if (sizeof ((size_t)))
                    ^
1 error generated.
configure:5253: $? = 1
configure: failed program was:
| /* confdefs.h */
| #define PACKAGE_NAME ""
| #define PACKAGE_TARNAME ""
| #define PACKAGE_VERSION ""
| #define PACKAGE_STRING ""
| #define PACKAGE_BUGREPORT ""
| #define PACKAGE_URL ""
| #define PACKAGE "xmlrpc-c"
| #define VERSION "x.xx"
| #define STDC_HEADERS 1
| #define HAVE_SYS_TYPES_H 1
| #define HAVE_SYS_STAT_H 1
| #define HAVE_STDLIB_H 1
| #define HAVE_STRING_H 1
| #define HAVE_MEMORY_H 1
| #define HAVE_STRINGS_H 1
| #define HAVE_INTTYPES_H 1
| #define HAVE_STDINT_H 1
| #define HAVE_UNISTD_H 1
| #define HAVE_WCHAR_H 1
| #define HAVE_SYS_FILIO_H 1
| #define HAVE_SYS_IOCTL_H 1
| #define HAVE_SYS_SELECT_H 1
| #define HAVE_STDARG_H 1
| /* end confdefs.h.  */
| #include <stdio.h>
| #ifdef HAVE_SYS_TYPES_H
| # include <sys/types.h>
| #endif
| #ifdef HAVE_SYS_STAT_H
| # include <sys/stat.h>
| #endif
| #ifdef STDC_HEADERS
| # include <stdlib.h>
| # include <stddef.h>
| #else
| # ifdef HAVE_STDLIB_H
| #  include <stdlib.h>
| # endif
| #endif
| #ifdef HAVE_STRING_H
| # if !defined STDC_HEADERS && defined HAVE_MEMORY_H
| #  include <memory.h>
| # endif
| # include <string.h>
| #endif
| #ifdef HAVE_STRINGS_H
| # include <strings.h>
| #endif
| #ifdef HAVE_INTTYPES_H
| # include <inttypes.h>
| #endif
| #ifdef HAVE_STDINT_H
| # include <stdint.h>
| #endif
| #ifdef HAVE_UNISTD_H
| # include <unistd.h>
| #endif
| int
| main ()
| {
| if (sizeof ((size_t)))
| 	    return 0;
|   ;
|   return 0;
| }
configure:5253: result: yes
configure:5266: checking whether va_list is an array
configure:5281: gcc -c -g -O2  conftest.c >&5
conftest.c:32:29: error: array type 'va_list' (aka '__builtin_va_list') is not assignable
va_list list1, list2; list1 = list2;
                      ~~~~~ ^
1 error generated.
configure:5281: $? = 1
configure: failed program was:
| /* confdefs.h */
| #define PACKAGE_NAME ""
| #define PACKAGE_TARNAME ""
| #define PACKAGE_VERSION ""
| #define PACKAGE_STRING ""
| #define PACKAGE_BUGREPORT ""
| #define PACKAGE_URL ""
| #define PACKAGE "xmlrpc-c"
| #define VERSION "x.xx"
| #define STDC_HEADERS 1
| #define HAVE_SYS_TYPES_H 1
| #define HAVE_SYS_STAT_H 1
| #define HAVE_STDLIB_H 1
| #define HAVE_STRING_H 1
| #define HAVE_MEMORY_H 1
| #define HAVE_STRINGS_H 1
| #define HAVE_INTTYPES_H 1
| #define HAVE_STDINT_H 1
| #define HAVE_UNISTD_H 1
| #define HAVE_WCHAR_H 1
| #define HAVE_SYS_FILIO_H 1
| #define HAVE_SYS_IOCTL_H 1
| #define HAVE_SYS_SELECT_H 1
| #define HAVE_STDARG_H 1
| /* end confdefs.h.  */
| 
| #include <stdarg.h>
| 
| int
| main ()
| {
| va_list list1, list2; list1 = list2;
|   ;
|   return 0;
| }
configure:5287: result: yes
configure:5296: checking whether compiler has __attribute__
configure:5309: gcc -c -g -O2  conftest.c >&5
configure:5309: $? = 0
configure:5315: result: yes
configure:5326: checking for vsnprintf
configure:5326: gcc -o conftest -g -O2   conftest.c  >&5
conftest.c:49:6: warning: incompatible redeclaration of library function 'vsnprintf' [-Wincompatible-library-redeclaration]
char vsnprintf ();
     ^
conftest.c:49:6: note: 'vsnprintf' is a builtin with type 'int (char *, unsigned long, const char *, struct __va_list_tag *)'
1 warning generated.
configure:5326: $? = 0
configure:5326: result: yes
configure:5338: checking for wcsncmp
configure:5338: gcc -o conftest -g -O2   conftest.c  >&5
conftest.c:49:6: warning: incompatible redeclaration of library function 'wcsncmp' [-Wincompatible-library-redeclaration]
char wcsncmp ();
     ^
conftest.c:49:6: note: 'wcsncmp' is a builtin with type 'int (const int *, const int *, unsigned long)'
1 warning generated.
configure:5338: $? = 0
configure:5338: result: yes
configure:5350: checking for setgroups
configure:5350: gcc -o conftest -g -O2   conftest.c  >&5
configure:5350: $? = 0
configure:5350: result: yes
configure:5362: checking for asprintf
configure:5362: gcc -o conftest -g -O2   conftest.c  >&5
conftest.c:62:18: warning: format string missing [-Wformat]
return asprintf ();
       ~~~~~~~~  ^
1 warning generated.
configure:5362: $? = 0
configure:5362: result: yes
configure:5375: checking for setenv
configure:5375: gcc -o conftest -g -O2   conftest.c  >&5
configure:5375: $? = 0
configure:5375: result: yes
configure:5375: checking for strtoll
configure:5375: gcc -o conftest -g -O2   conftest.c  >&5
configure:5375: $? = 0
configure:5375: result: yes
configure:5375: checking for strtoull
configure:5375: gcc -o conftest -g -O2   conftest.c  >&5
configure:5375: $? = 0
configure:5375: result: yes
configure:5375: checking for strtoq
configure:5375: gcc -o conftest -g -O2   conftest.c  >&5
configure:5375: $? = 0
configure:5375: result: yes
configure:5375: checking for strtouq
configure:5375: gcc -o conftest -g -O2   conftest.c  >&5
configure:5375: $? = 0
configure:5375: result: yes
configure:5375: checking for __strtoll
configure:5375: gcc -o conftest -g -O2   conftest.c  >&5
Undefined symbols for architecture x86_64:
  "___strtoll", referenced from:
      _main in conftest-ca8760.o
ld: symbol(s) not found for architecture x86_64
clang: error: linker command failed with exit code 1 (use -v to see invocation)
configure:5375: $? = 1
configure: failed program was:
| /* confdefs.h */
| #define PACKAGE_NAME ""
| #define PACKAGE_TARNAME ""
| #define PACKAGE_VERSION ""
| #define PACKAGE_STRING ""
| #define PACKAGE_BUGREPORT ""
| #define PACKAGE_URL ""
| #define PACKAGE "xmlrpc-c"
| #define VERSION "x.xx"
| #define STDC_HEADERS 1
| #define HAVE_SYS_TYPES_H 1
| #define HAVE_SYS_STAT_H 1
| #define HAVE_STDLIB_H 1
| #define HAVE_STRING_H 1
| #define HAVE_MEMORY_H 1
| #define HAVE_STRINGS_H 1
| #define HAVE_INTTYPES_H 1
| #define HAVE_STDINT_H 1
| #define HAVE_UNISTD_H 1
| #define HAVE_WCHAR_H 1
| #define HAVE_SYS_FILIO_H 1
| #define HAVE_SYS_IOCTL_H 1
| #define HAVE_SYS_SELECT_H 1
| #define HAVE_STDARG_H 1
| #define HAVE_WCSNCMP 1
| #define HAVE_SETGROUPS 1
| #define HAVE_ASPRINTF 1
| #define HAVE_SETENV 1
| #define HAVE_STRTOLL 1
| #define HAVE_STRTOULL 1
| #define HAVE_STRTOQ 1
| #define HAVE_STRTOUQ 1
| /* end confdefs.h.  */
| /* Define __strtoll to an innocuous variant, in case <limits.h> declares __strtoll.
|    For example, HP-UX 11i <limits.h> declares gettimeofday.  */
| #define __strtoll innocuous___strtoll
| 
| /* System header to define __stub macros and hopefully few prototypes,
|     which can conflict with char __strtoll (); below.
|     Prefer <limits.h> to <assert.h> if __STDC__ is defined, since
|     <limits.h> exists even on freestanding compilers.  */
| 
| #ifdef __STDC__
| # include <limits.h>
| #else
| # include <assert.h>
| #endif
| 
| #undef __strtoll
| 
| /* Override any GCC internal prototype to avoid an error.
|    Use char because int might match the return type of a GCC
|    builtin and then its argument prototype would still apply.  */
| #ifdef __cplusplus
| extern "C"
| #endif
| char __strtoll ();
| /* The GNU C library defines this for functions which it implements
|     to always fail with ENOSYS.  Some functions are actually named
|     something starting with __ and the normal name is an alias.  */
| #if defined __stub___strtoll || defined __stub_____strtoll
| choke me
| #endif
| 
| int
| main ()
| {
| return __strtoll ();
|   ;
|   return 0;
| }
configure:5375: result: no
configure:5375: checking for __strtoull
configure:5375: gcc -o conftest -g -O2   conftest.c  >&5
Undefined symbols for architecture x86_64:
  "___strtoull", referenced from:
      _main in conftest-95cc4e.o
ld: symbol(s) not found for architecture x86_64
clang: error: linker command failed with exit code 1 (use -v to see invocation)
configure:5375: $? = 1
configure: failed program was:
| /* confdefs.h */
| #define PACKAGE_NAME ""
| #define PACKAGE_TARNAME ""
| #define PACKAGE_VERSION ""
| #define PACKAGE_STRING ""
| #define PACKAGE_BUGREPORT ""
| #define PACKAGE_URL ""
| #define PACKAGE "xmlrpc-c"
| #define VERSION "x.xx"
| #define STDC_HEADERS 1
| #define HAVE_SYS_TYPES_H 1
| #define HAVE_SYS_STAT_H 1
| #define HAVE_STDLIB_H 1
| #define HAVE_STRING_H 1
| #define HAVE_MEMORY_H 1
| #define HAVE_STRINGS_H 1
| #define HAVE_INTTYPES_H 1
| #define HAVE_STDINT_H 1
| #define HAVE_UNISTD_H 1
| #define HAVE_WCHAR_H 1
| #define HAVE_SYS_FILIO_H 1
| #define HAVE_SYS_IOCTL_H 1
| #define HAVE_SYS_SELECT_H 1
| #define HAVE_STDARG_H 1
| #define HAVE_WCSNCMP 1
| #define HAVE_SETGROUPS 1
| #define HAVE_ASPRINTF 1
| #define HAVE_SETENV 1
| #define HAVE_STRTOLL 1
| #define HAVE_STRTOULL 1
| #define HAVE_STRTOQ 1
| #define HAVE_STRTOUQ 1
| /* end confdefs.h.  */
| /* Define __strtoull to an innocuous variant, in case <limits.h> declares __strtoull.
|    For example, HP-UX 11i <limits.h> declares gettimeofday.  */
| #define __strtoull innocuous___strtoull
| 
| /* System header to define __stub macros and hopefully few prototypes,
|     which can conflict with char __strtoull (); below.
|     Prefer <limits.h> to <assert.h> if __STDC__ is defined, since
|     <limits.h> exists even on freestanding compilers.  */
| 
| #ifdef __STDC__
| # include <limits.h>
| #else
| # include <assert.h>
| #endif
| 
| #undef __strtoull
| 
| /* Override any GCC internal prototype to avoid an error.
|    Use char because int might match the return type of a GCC
|    builtin and then its argument prototype would still apply.  */
| #ifdef __cplusplus
| extern "C"
| #endif
| char __strtoull ();
| /* The GNU C library defines this for functions which it implements
|     to always fail with ENOSYS.  Some functions are actually named
|     something starting with __ and the normal name is an alias.  */
| #if defined __stub___strtoull || defined __stub_____strtoull
| choke me
| #endif
| 
| int
| main ()
| {
| return __strtoull ();
|   ;
|   return 0;
| }
configure:5375: result: no
configure:5387: checking for pselect
configure:5387: gcc -o conftest -g -O2   conftest.c  >&5
configure:5387: $? = 0
configure:5387: result: yes
configure:5399: checking for gettimeofday
configure:5399: gcc -o conftest -g -O2   conftest.c  >&5
configure:5399: $? = 0
configure:5399: result: yes
configure:5410: checking for localtime_r
configure:5410: gcc -o conftest -g -O2   conftest.c  >&5
configure:5410: $? = 0
configure:5410: result: yes
configure:5421: checking for gmtime_r
configure:5421: gcc -o conftest -g -O2   conftest.c  >&5
configure:5421: $? = 0
configure:5421: result: yes
configure:5433: checking for strcasecmp
configure:5433: gcc -o conftest -g -O2   conftest.c  >&5
conftest.c:61:6: warning: incompatible redeclaration of library function 'strcasecmp' [-Wincompatible-library-redeclaration]
char strcasecmp ();
     ^
conftest.c:61:6: note: 'strcasecmp' is a builtin with type 'int (const char *, const char *)'
1 warning generated.
configure:5433: $? = 0
configure:5433: result: yes
configure:5444: checking for stricmp
configure:5444: gcc -o conftest -g -O2   conftest.c  >&5
Undefined symbols for architecture x86_64:
  "_stricmp", referenced from:
      _main in conftest-03cb68.o
ld: symbol(s) not found for architecture x86_64
clang: error: linker command failed with exit code 1 (use -v to see invocation)
configure:5444: $? = 1
configure: failed program was:
| /* confdefs.h */
| #define PACKAGE_NAME ""
| #define PACKAGE_TARNAME ""
| #define PACKAGE_VERSION ""
| #define PACKAGE_STRING ""
| #define PACKAGE_BUGREPORT ""
| #define PACKAGE_URL ""
| #define PACKAGE "xmlrpc-c"
| #define VERSION "x.xx"
| #define STDC_HEADERS 1
| #define HAVE_SYS_TYPES_H 1
| #define HAVE_SYS_STAT_H 1
| #define HAVE_STDLIB_H 1
| #define HAVE_STRING_H 1
| #define HAVE_MEMORY_H 1
| #define HAVE_STRINGS_H 1
| #define HAVE_INTTYPES_H 1
| #define HAVE_STDINT_H 1
| #define HAVE_UNISTD_H 1
| #define HAVE_WCHAR_H 1
| #define HAVE_SYS_FILIO_H 1
| #define HAVE_SYS_IOCTL_H 1
| #define HAVE_SYS_SELECT_H 1
| #define HAVE_STDARG_H 1
| #define HAVE_WCSNCMP 1
| #define HAVE_SETGROUPS 1
| #define HAVE_ASPRINTF 1
| #define HAVE_SETENV 1
| #define HAVE_STRTOLL 1
| #define HAVE_STRTOULL 1
| #define HAVE_STRTOQ 1
| #define HAVE_STRTOUQ 1
| #define HAVE_PSELECT 1
| #define HAVE_GETTIMEOFDAY 1
| #define HAVE_LOCALTIME_R 1
| #define HAVE_GMTIME_R 1
| #define HAVE_STRCASECMP 1
| /* end confdefs.h.  */
| /* Define stricmp to an innocuous variant, in case <limits.h> declares stricmp.
|    For example, HP-UX 11i <limits.h> declares gettimeofday.  */
| #define stricmp innocuous_stricmp
| 
| /* System header to define __stub macros and hopefully few prototypes,
|     which can conflict with char stricmp (); below.
|     Prefer <limits.h> to <assert.h> if __STDC__ is defined, since
|     <limits.h> exists even on freestanding compilers.  */
| 
| #ifdef __STDC__
| # include <limits.h>
| #else
| # include <assert.h>
| #endif
| 
| #undef stricmp
| 
| /* Override any GCC internal prototype to avoid an error.
|    Use char because int might match the return type of a GCC
|    builtin and then its argument prototype would still apply.  */
| #ifdef __cplusplus
| extern "C"
| #endif
| char stricmp ();
| /* The GNU C library defines this for functions which it implements
|     to always fail with ENOSYS.  Some functions are actually named
|     something starting with __ and the normal name is an alias.  */
| #if defined __stub_stricmp || defined __stub___stricmp
| choke me
| #endif
| 
| int
| main ()
| {
| return stricmp ();
|   ;
|   return 0;
| }
configure:5444: result: no
configure:5455: checking for _stricmp
configure:5455: gcc -o conftest -g -O2   conftest.c  >&5
Undefined symbols for architecture x86_64:
  "__stricmp", referenced from:
      _main in conftest-1521fd.o
ld: symbol(s) not found for architecture x86_64
clang: error: linker command failed with exit code 1 (use -v to see invocation)
configure:5455: $? = 1
configure: failed program was:
| /* confdefs.h */
| #define PACKAGE_NAME ""
| #define PACKAGE_TARNAME ""
| #define PACKAGE_VERSION ""
| #define PACKAGE_STRING ""
| #define PACKAGE_BUGREPORT ""
| #define PACKAGE_URL ""
| #define PACKAGE "xmlrpc-c"
| #define VERSION "x.xx"
| #define STDC_HEADERS 1
| #define HAVE_SYS_TYPES_H 1
| #define HAVE_SYS_STAT_H 1
| #define HAVE_STDLIB_H 1
| #define HAVE_STRING_H 1
| #define HAVE_MEMORY_H 1
| #define HAVE_STRINGS_H 1
| #define HAVE_INTTYPES_H 1
| #define HAVE_STDINT_H 1
| #define HAVE_UNISTD_H 1
| #define HAVE_WCHAR_H 1
| #define HAVE_SYS_FILIO_H 1
| #define HAVE_SYS_IOCTL_H 1
| #define HAVE_SYS_SELECT_H 1
| #define HAVE_STDARG_H 1
| #define HAVE_WCSNCMP 1
| #define HAVE_SETGROUPS 1
| #define HAVE_ASPRINTF 1
| #define HAVE_SETENV 1
| #define HAVE_STRTOLL 1
| #define HAVE_STRTOULL 1
| #define HAVE_STRTOQ 1
| #define HAVE_STRTOUQ 1
| #define HAVE_PSELECT 1
| #define HAVE_GETTIMEOFDAY 1
| #define HAVE_LOCALTIME_R 1
| #define HAVE_GMTIME_R 1
| #define HAVE_STRCASECMP 1
| /* end confdefs.h.  */
| /* Define _stricmp to an innocuous variant, in case <limits.h> declares _stricmp.
|    For example, HP-UX 11i <limits.h> declares gettimeofday.  */
| #define _stricmp innocuous__stricmp
| 
| /* System header to define __stub macros and hopefully few prototypes,
|     which can conflict with char _stricmp (); below.
|     Prefer <limits.h> to <assert.h> if __STDC__ is defined, since
|     <limits.h> exists even on freestanding compilers.  */
| 
| #ifdef __STDC__
| # include <limits.h>
| #else
| # include <assert.h>
| #endif
| 
| #undef _stricmp
| 
| /* Override any GCC internal prototype to avoid an error.
|    Use char because int might match the return type of a GCC
|    builtin and then its argument prototype would still apply.  */
| #ifdef __cplusplus
| extern "C"
| #endif
| char _stricmp ();
| /* The GNU C library defines this for functions which it implements
|     to always fail with ENOSYS.  Some functions are actually named
|     something starting with __ and the normal name is an alias.  */
| #if defined __stub__stricmp || defined __stub____stricmp
| choke me
| #endif
| 
| int
| main ()
| {
| return _stricmp ();
|   ;
|   return 0;
| }
configure:5455: result: no
configure:5478: checking whether to use Abyss pthread function
configure:5487: result: yes
configure:5698: checking for curl-xmlrpc-config
configure:5731: result: no
configure:5698: checking for curl-config
configure:5716: found /usr/bin/curl-config
configure:5728: result: /usr/bin/curl-config
configure:5748: checking for Curl library directory
configure:5752: result: /usr/lib
configure:5768: checking whether to use SSL with libwww
configure:5775: result: no
configure:5791: checking whether to build the libxml2 backend
configure:5793: result: no
configure:5979: creating ./config.status

## ---------------------- ##
## Running config.status. ##
## ---------------------- ##

This file was extended by config.status, which was
generated by GNU Autoconf 2.69.  Invocation command line was

  CONFIG_FILES    = 
  CONFIG_HEADERS  = 
  CONFIG_LINKS    = 
  CONFIG_COMMANDS = 
  $ ./config.status 

on Mateuss-MBP.home

config.status:910: creating srcdir.mk
config.status:910: creating config.mk
config.status:910: creating xmlrpc_config.h
config.status:910: creating xmlrpc_amconfig.h
config.status:1085: xmlrpc_amconfig.h is unchanged
config.status:1099: executing default-1 commands

## ---------------- ##
## Cache variables. ##
## ---------------- ##

ac_cv_build=x86_64-apple-darwin18.0.0
ac_cv_c_compiler_gnu=yes
ac_cv_cxx_compiler_gnu=yes
ac_cv_env_CCC_set=
ac_cv_env_CCC_value=
ac_cv_env_CC_set=
ac_cv_env_CC_value=
ac_cv_env_CFLAGS_set=
ac_cv_env_CFLAGS_value=
ac_cv_env_CPPFLAGS_set=
ac_cv_env_CPPFLAGS_value=
ac_cv_env_CPP_set=
ac_cv_env_CPP_value=
ac_cv_env_CXXFLAGS_set=
ac_cv_env_CXXFLAGS_value=
ac_cv_env_CXX_set=
ac_cv_env_CXX_value=
ac_cv_env_LDFLAGS_set=
ac_cv_env_LDFLAGS_value=
ac_cv_env_LIBS_set=
ac_cv_env_LIBS_value=
ac_cv_env_build_alias_set=
ac_cv_env_build_alias_value=
ac_cv_env_host_alias_set=
ac_cv_env_host_alias_value=
ac_cv_env_target_alias_set=
ac_cv_env_target_alias_value=
ac_cv_func___strtoll=no
ac_cv_func___strtoull=no
ac_cv_func__stricmp=no
ac_cv_func_asprintf=yes
ac_cv_func_gettimeofday=yes
ac_cv_func_gmtime_r=yes
ac_cv_func_localtime_r=yes
ac_cv_func_pselect=yes
ac_cv_func_setenv=yes
ac_cv_func_setgroups=yes
ac_cv_func_socket=yes
ac_cv_func_strcasecmp=yes
ac_cv_func_stricmp=no
ac_cv_func_strtoll=yes
ac_cv_func_strtoq=yes
ac_cv_func_strtoull=yes
ac_cv_func_strtouq=yes
ac_cv_func_vsnprintf=yes
ac_cv_func_wcsncmp=yes
ac_cv_header_inttypes_h=yes
ac_cv_header_memory_h=yes
ac_cv_header_stdarg_h=yes
ac_cv_header_stdc=yes
ac_cv_header_stdint_h=yes
ac_cv_header_stdlib_h=yes
ac_cv_header_string_h=yes
ac_cv_header_strings_h=yes
ac_cv_header_sys_filio_h=yes
ac_cv_header_sys_ioctl_h=yes
ac_cv_header_sys_select_h=yes
ac_cv_header_sys_stat_h=yes
ac_cv_header_sys_types_h=yes
ac_cv_header_unistd_h=yes
ac_cv_header_wchar_h=yes
ac_cv_host=x86_64-apple-darwin18.0.0
ac_cv_lib_ncurses_main=yes
ac_cv_lib_readline_main=yes
ac_cv_objext=o
ac_cv_path_CURL_CONFIG=/usr/bin/curl-config
ac_cv_path_EGREP='/usr/bin/grep -E'
ac_cv_path_GREP=/usr/bin/grep
ac_cv_path_install='/usr/bin/install -c'
ac_cv_prog_CPP='gcc -E'
ac_cv_prog_ac_ct_CC=gcc
ac_cv_prog_ac_ct_CXX=g++
ac_cv_prog_cc_c89=
ac_cv_prog_cc_g=yes
ac_cv_prog_cxx_g=yes
ac_cv_prog_have_curl_config=yes
ac_cv_prog_have_libwww_config=no
ac_cv_prog_have_wininet_config=no
ac_cv_prog_make_make_set=yes
ac_cv_type_size_t=yes

## ----------------- ##
## Output variables. ##
## ----------------- ##

ABYSS_SUBDIR='abyss'
ACLOCAL='/Users/mateusnbm/desktop/xmlrpc-c/missing aclocal'
AR='ar'
ASYNCH_CLIENT='asynch_client'
ATTR_UNUSED='__attribute__((__unused__))'
AUTH_CLIENT='auth_client'
AUTOCONF='/Users/mateusnbm/desktop/xmlrpc-c/missing autoconf'
AUTOHEADER='/Users/mateusnbm/desktop/xmlrpc-c/missing autoheader'
AUTOMAKE='/Users/mateusnbm/desktop/xmlrpc-c/missing automake'
BUILDDIR='/Users/mateusnbm/desktop/xmlrpc-c'
BUILD_TOOLS='yes'
BUILD_XMLRPC_PSTREAM='yes'
CC='gcc'
CC_WARN_FLAGS=''
CFLAGS='-g -O2 -D_THREAD'
CLIENTTEST='clienttest'
CPP='gcc -E'
CPPFLAGS=''
CPPTEST='cpptest'
CPP_WARN_FLAGS=''
CURL_CONFIG='/usr/bin/curl-config'
CURL_LDADD='-lcurl'
CURL_LIBDIR='/usr/lib'
CXX='g++'
CXXFLAGS='-g -O2'
CXX_COMPILER_GNU='yes'
C_COMPILER_GNU='yes'
DEFS='-DHAVE_CONFIG_H'
DIRECTORY_SEPARATOR='/'
ECHO_C='\c'
ECHO_N=''
ECHO_T=''
EGREP='/usr/bin/grep -E'
ENABLE_ABYSS_SERVER='yes'
ENABLE_ABYSS_THREADS='yes'
ENABLE_CGI_SERVER='yes'
ENABLE_CPLUSPLUS='yes'
ENABLE_LIBXML2_BACKEND='no'
EXEEXT=''
FEATURE_LIST='c++ abyss-server curl-client '
GREP='/usr/bin/grep'
HAVE_LIBWWW_SSL_DEFINE='0'
HAVE_SYS_FILIO_H_DEFINE='1'
HAVE_SYS_IOCTL_H_DEFINE='1'
HAVE_SYS_SELECT_H_DEFINE='1'
HAVE_WCHAR_H_DEFINE='1'
INSTALL_DATA='${INSTALL} -m 644'
INSTALL_PROGRAM='${INSTALL}'
INSTALL_SCRIPT='${INSTALL}'
LDFLAGS=''
LIBOBJS=''
LIBS=''
LIBWWW_CONFIG=''
LIBWWW_LDADD=''
LIBWWW_LIBDIR=''
LIBXMLRPC_CPP_A='libxmlrpc_cpp.a'
LSOCKET=''
LTLIBOBJS=''
MAKEINFO='makeinfo'
MUST_BUILD_CURL_CLIENT='yes'
MUST_BUILD_LIBWWW_CLIENT='no'
MUST_BUILD_WININET_CLIENT='no'
OBJEXT='o'
PACKAGE='xmlrpc-c'
PACKAGE_BUGREPORT=''
PACKAGE_NAME=''
PACKAGE_STRING=''
PACKAGE_TARNAME=''
PACKAGE_URL=''
PACKAGE_VERSION=''
PATH_SEPARATOR=':'
QUERY_MEERKAT='query-meerkat'
RANLIB='ranlib'
SERVER='server'
SERVERTEST='servertest'
SET_MAKE=''
SHELL='/bin/sh'
SYNCH_CLIENT='synch_client'
VALIDATEE='validatee'
VA_LIST_IS_ARRAY_DEFINE='1'
VERSION='x.xx'
WININET_CFLAGS=''
WININET_CONFIG=''
WININET_LDADD=''
WININET_LIBDIR=''
XMLRPCCPP_H='XmlRpcCpp.h'
XMLRPC_ABYSS_H='xmlrpc_abyss.h'
XMLRPC_CLIENT_H='xmlrpc_client.h'
XMLRPC_TRANSPORT_H='xmlrpc_transport.h'
XML_RPC_API2CPP_SUBDIR='xml-rpc-api2cpp'
ac_ct_CC='gcc'
ac_ct_CXX='g++'
bindir='${exec_prefix}/bin'
build='x86_64-apple-darwin18.0.0'
build_alias=''
build_cpu='x86_64'
build_os='darwin18.0.0'
build_vendor='apple'
datadir='${datarootdir}'
datarootdir='${prefix}/share'
docdir='${datarootdir}/doc/${PACKAGE}'
dvidir='${docdir}'
exec_prefix='${prefix}'
have_curl_config='yes'
have_libwww_config='no'
have_wininet_config='no'
have_xml2_config=''
host='x86_64-apple-darwin18.0.0'
host_alias=''
host_cpu='x86_64'
host_os='darwin18.0.0'
host_vendor='apple'
htmldir='${docdir}'
includedir='${prefix}/include'
infodir='${datarootdir}/info'
libdir='${exec_prefix}/lib'
libexecdir='${exec_prefix}/libexec'
localedir='${datarootdir}/locale'
localstatedir='${prefix}/var'
mandir='${datarootdir}/man'
oldincludedir='/usr/include'
pdfdir='${docdir}'
prefix='/usr/local'
program_transform_name='s,x,x,'
psdir='${docdir}'
sbindir='${exec_prefix}/sbin'
sharedstatedir='${prefix}/com'
sysconfdir='${prefix}/etc'
target_alias=''

## ----------- ##
## confdefs.h. ##
## ----------- ##

/* confdefs.h */
#define PACKAGE_NAME ""
#define PACKAGE_TARNAME ""
#define PACKAGE_VERSION ""
#define PACKAGE_STRING ""
#define PACKAGE_BUGREPORT ""
#define PACKAGE_URL ""
#define PACKAGE "xmlrpc-c"
#define VERSION "x.xx"
#define STDC_HEADERS 1
#define HAVE_SYS_TYPES_H 1
#define HAVE_SYS_STAT_H 1
#define HAVE_STDLIB_H 1
#define HAVE_STRING_H 1
#define HAVE_MEMORY_H 1
#define HAVE_STRINGS_H 1
#define HAVE_INTTYPES_H 1
#define HAVE_STDINT_H 1
#define HAVE_UNISTD_H 1
#define HAVE_WCHAR_H 1
#define HAVE_SYS_FILIO_H 1
#define HAVE_SYS_IOCTL_H 1
#define HAVE_SYS_SELECT_H 1
#define HAVE_STDARG_H 1
#define HAVE_WCSNCMP 1
#define HAVE_SETGROUPS 1
#define HAVE_ASPRINTF 1
#define HAVE_SETENV 1
#define HAVE_STRTOLL 1
#define HAVE_STRTOULL 1
#define HAVE_STRTOQ 1
#define HAVE_STRTOUQ 1
#define HAVE_PSELECT 1
#define HAVE_GETTIMEOFDAY 1
#define HAVE_LOCALTIME_R 1
#define HAVE_GMTIME_R 1
#define HAVE_STRCASECMP 1

configure: exit 0
